Traceback (most recent call last):
  File "/Library/Frameworks/Python.framework/Versions/3.12/lib/python3.12/site-packages/jupyter_cache/executors/utils.py", line 58, in single_nb_execution
    executenb(
  File "/Library/Frameworks/Python.framework/Versions/3.12/lib/python3.12/site-packages/nbclient/client.py", line 1314, in execute
    return NotebookClient(nb=nb, resources=resources, km=km, **kwargs).execute()
           ^^^^^^^^^^^^^^^^^^^^^^^^^^^^^^^^^^^^^^^^^^^^^^^^^^^^^^^^^^^^^^^^^^^^^
  File "/Library/Frameworks/Python.framework/Versions/3.12/lib/python3.12/site-packages/jupyter_core/utils/__init__.py", line 165, in wrapped
    return loop.run_until_complete(inner)
           ^^^^^^^^^^^^^^^^^^^^^^^^^^^^^^
  File "/Library/Frameworks/Python.framework/Versions/3.12/lib/python3.12/asyncio/base_events.py", line 685, in run_until_complete
    return future.result()
           ^^^^^^^^^^^^^^^
  File "/Library/Frameworks/Python.framework/Versions/3.12/lib/python3.12/site-packages/nbclient/client.py", line 709, in async_execute
    await self.async_execute_cell(
  File "/Library/Frameworks/Python.framework/Versions/3.12/lib/python3.12/site-packages/nbclient/client.py", line 1062, in async_execute_cell
    await self._check_raise_for_error(cell, cell_index, exec_reply)
  File "/Library/Frameworks/Python.framework/Versions/3.12/lib/python3.12/site-packages/nbclient/client.py", line 918, in _check_raise_for_error
    raise CellExecutionError.from_cell_and_msg(cell, exec_reply_content)
nbclient.exceptions.CellExecutionError: An error occurred while executing the following cell:
------------------
with TaskManager():
    fesstress = MatrixValued(H1(mesh,order=3), symmetric=True)
    gfstress = GridFunction(fesstress)
    gfstress.Interpolate (Stress(Sym(Grad(gfu))))
------------------


[0;31m---------------------------------------------------------------------------[0m
[0;31mNgException[0m                               Traceback (most recent call last)
Cell [0;32mIn[10], line 4[0m
[1;32m      2[0m fesstress [38;5;241m=[39m MatrixValued(H1(mesh,order[38;5;241m=[39m[38;5;241m3[39m), symmetric[38;5;241m=[39m[38;5;28;01mTrue[39;00m)
[1;32m      3[0m gfstress [38;5;241m=[39m GridFunction(fesstress)
[0;32m----> 4[0m [43mgfstress[49m[38;5;241;43m.[39;49m[43mInterpolate[49m[43m [49m[43m([49m[43mStress[49m[43m([49m[43mSym[49m[43m([49m[43mGrad[49m[43m([49m[43mgfu[49m[43m)[49m[43m)[49m[43m)[49m[43m)[49m

[0;31mNgException[0m: Local Heap overflow
Current heapsize is 10000


